C:\USERS\JUSTIN\UNI\ICT311\ASSIGNMENT\ASSIGNMENT\ASSIGNMENT\RELEASE\ASSIGNMENT.EXE.INTERMEDIATE.MANIFEST
C:\Users\Justin\Uni\ICT311\Assignment\Assignment\Assignment\Release\Assignment.vcxprojResolveAssemblyReference.cache
C:\Users\Justin\Uni\ICT311\Assignment\Assignment\Assignment\Release\Assignment.write.1.tlog
C:\USERS\JUSTIN\UNI\ICT311\ASSIGNMENT\ASSIGNMENT\ASSIGNMENT\RELEASE\BMPLOADER.OBJ
C:\USERS\JUSTIN\UNI\ICT311\ASSIGNMENT\ASSIGNMENT\ASSIGNMENT\RELEASE\BRUTEFORCE.OBJ
C:\USERS\JUSTIN\UNI\ICT311\ASSIGNMENT\ASSIGNMENT\ASSIGNMENT\RELEASE\CAMERA.OBJ
C:\Users\Justin\Uni\ICT311\Assignment\Assignment\Assignment\Release\cl.command.1.tlog
C:\Users\Justin\Uni\ICT311\Assignment\Assignment\Assignment\Release\CL.read.1.tlog
C:\Users\Justin\Uni\ICT311\Assignment\Assignment\Assignment\Release\CL.write.1.tlog
C:\USERS\JUSTIN\UNI\ICT311\ASSIGNMENT\ASSIGNMENT\ASSIGNMENT\RELEASE\GAMEWORLD.OBJ
C:\USERS\JUSTIN\UNI\ICT311\ASSIGNMENT\ASSIGNMENT\ASSIGNMENT\RELEASE\IMAGEFACTORY.OBJ
C:\USERS\JUSTIN\UNI\ICT311\ASSIGNMENT\ASSIGNMENT\ASSIGNMENT\RELEASE\INPUTGLFW.OBJ
C:\Users\Justin\Uni\ICT311\Assignment\Assignment\Assignment\Release\link.command.1.tlog
C:\Users\Justin\Uni\ICT311\Assignment\Assignment\Assignment\Release\link.read.1.tlog
C:\Users\Justin\Uni\ICT311\Assignment\Assignment\Assignment\Release\link.write.1.tlog
C:\USERS\JUSTIN\UNI\ICT311\ASSIGNMENT\ASSIGNMENT\ASSIGNMENT\RELEASE\MAIN.OBJ
C:\USERS\JUSTIN\UNI\ICT311\ASSIGNMENT\ASSIGNMENT\ASSIGNMENT\RELEASE\MAINGAME.OBJ
C:\Users\Justin\Uni\ICT311\Assignment\Assignment\Assignment\Release\mt.command.1.tlog
C:\Users\Justin\Uni\ICT311\Assignment\Assignment\Assignment\Release\mt.read.1.tlog
C:\Users\Justin\Uni\ICT311\Assignment\Assignment\Assignment\Release\mt.write.1.tlog
C:\USERS\JUSTIN\UNI\ICT311\ASSIGNMENT\ASSIGNMENT\ASSIGNMENT\RELEASE\MULTITEXTURE.OBJ
C:\USERS\JUSTIN\UNI\ICT311\ASSIGNMENT\ASSIGNMENT\ASSIGNMENT\RELEASE\PCX.OBJ
C:\USERS\JUSTIN\UNI\ICT311\ASSIGNMENT\ASSIGNMENT\ASSIGNMENT\RELEASE\TERRAIN.OBJ
C:\USERS\JUSTIN\UNI\ICT311\ASSIGNMENT\ASSIGNMENT\ASSIGNMENT\RELEASE\TEXTUREGENERATOR.OBJ
C:\USERS\JUSTIN\UNI\ICT311\ASSIGNMENT\ASSIGNMENT\ASSIGNMENT\RELEASE\TEXTUREMANAGER.OBJ
C:\USERS\JUSTIN\UNI\ICT311\ASSIGNMENT\ASSIGNMENT\ASSIGNMENT\RELEASE\TGALOADER.OBJ
C:\USERS\JUSTIN\UNI\ICT311\ASSIGNMENT\ASSIGNMENT\ASSIGNMENT\RELEASE\VC100.PDB
C:\USERS\JUSTIN\UNI\ICT311\ASSIGNMENT\ASSIGNMENT\ASSIGNMENT\RELEASE\VEC3.OBJ
C:\USERS\JUSTIN\UNI\ICT311\ASSIGNMENT\ASSIGNMENT\ASSIGNMENT\RELEASE\VIEWOPENGL.OBJ
C:\USERS\JUSTIN\UNI\ICT311\ASSIGNMENT\ASSIGNMENT\RELEASE\ASSIGNMENT.EXE
C:\USERS\JUSTIN\UNI\ICT311\ASSIGNMENT\ASSIGNMENT\RELEASE\ASSIGNMENT.PDB
