Build started 2/06/2015 11:45:47 AM.
     1>Project "C:\Users\31391309\Desktop\GitHub\ICT311Project\Project\Assignment\Assignment\Assignment.vcxproj" on node 2 (build target(s)).
     1>InitializeBuildStatus:
         Creating "Debug\Assignment.unsuccessfulbuild" because "AlwaysCreate" was specified.
       ClCompile:
         C:\Program Files (x86)\Microsoft Visual Studio 10.0\VC\bin\CL.exe /c /ZI /nologo /W3 /WX- /Od /Oy- /D WIN32 /D _DEBUG /D _CONSOLE /D _MBCS /Gm /EHsc /RTC1 /MDd /GS /fp:precise /Zc:wchar_t /Zc:forScope /Fo"Debug\\" /Fd"Debug\vc100.pdb" /Gd /TP /analyze- /errorReport:prompt AssetManagement\objLoader.cpp
         objLoader.cpp
     1>c:\users\31391309\desktop\github\ict311project\project\assignment\assignment\graphics\skybox.h(14): warning C4005: 'SB_RIGHT' : macro redefinition
                 c:\program files (x86)\microsoft sdks\windows\v7.0a\include\winuser.h(294) : see previous definition of 'SB_RIGHT'
     1>c:\users\31391309\desktop\github\ict311project\project\assignment\assignment\graphics\skybox.h(15): warning C4005: 'SB_LEFT' : macro redefinition
                 c:\program files (x86)\microsoft sdks\windows\v7.0a\include\winuser.h(292) : see previous definition of 'SB_LEFT'
     1>c:\users\31391309\desktop\github\ict311project\project\assignment\assignment\graphics\skybox.h(16): warning C4005: 'SB_TOP' : macro redefinition
                 c:\program files (x86)\microsoft sdks\windows\v7.0a\include\winuser.h(291) : see previous definition of 'SB_TOP'
     1>c:\users\31391309\desktop\github\ict311project\project\assignment\assignment\graphics\skybox.h(17): warning C4005: 'SB_BOTTOM' : macro redefinition
                 c:\program files (x86)\microsoft sdks\windows\v7.0a\include\winuser.h(293) : see previous definition of 'SB_BOTTOM'
       ManifestResourceCompile:
         All outputs are up-to-date.
       Link:
         C:\Program Files (x86)\Microsoft Visual Studio 10.0\VC\bin\link.exe /ERRORREPORT:PROMPT /OUT:"C:\Users\31391309\Desktop\GitHub\ICT311Project\Project\Assignment\Debug\Assignment.exe" /INCREMENTAL /NOLOGO irrKlang.lib lua5.1.lib luabindd.lib SOIL.lib kernel32.lib user32.lib gdi32.lib winspool.lib comdlg32.lib advapi32.lib shell32.lib ole32.lib oleaut32.lib uuid.lib odbc32.lib odbccp32.lib /MANIFEST /ManifestFile:"Debug\Assignment.exe.intermediate.manifest" /MANIFESTUAC:"level='asInvoker' uiAccess='false'" /DEBUG /PDB:"C:\Users\31391309\Desktop\GitHub\ICT311Project\Project\Assignment\Debug\Assignment.pdb" /SUBSYSTEM:CONSOLE /TLBID:1 /DYNAMICBASE /NXCOMPAT /IMPLIB:"C:\Users\31391309\Desktop\GitHub\ICT311Project\Project\Assignment\Debug\Assignment.lib" /MACHINE:X86 Debug\Assignment.exe.embed.manifest.res
         Debug\Movement.obj
         Debug\bmp.obj
         Debug\bmpLoader.obj
         Debug\Camera.obj
         Debug\GameAsset.obj
         Debug\GameAssetFactory.obj
         Debug\GameAssetManager.obj
         Debug\md2.obj
         Debug\md2Header.obj
         Debug\md2Loader.obj
         Debug\Mesh.obj
         Debug\multitexture.obj
         Debug\obj.obj
         Debug\objLoader.obj
         Debug\pcx.obj
         Debug\pcxLoader.obj
         Debug\ResourceLoader.obj
         Debug\ResourceManager.obj
         Debug\TerrainLighting.obj
         Debug\Texture.obj
         Debug\textureGenerator.obj
         Debug\tga.obj
         Debug\tgaLoader.obj
         Debug\tiny_obj_loader.obj
         Debug\AudioEngine.obj
         Debug\AABB.obj
         Debug\Vector3D.obj
         Debug\GameObject.obj
         Debug\GameObjectFactory.obj
         Debug\Model.obj
         Debug\NPC.obj
         Debug\Player.obj
         Debug\Terrain.obj
         Debug\CameraModel.obj
         Debug\md2Model.obj
         Debug\objModel.obj
         Debug\Skybox.obj
         Debug\TerrainModel.obj
         Debug\ViewOpenGL.obj
         Debug\InputGLFW.obj
         Debug\MainGame.obj
         Debug\main.obj
         Debug\GameWorld.obj
     1>MSVCRTD.lib(cinitexe.obj) : warning LNK4098: defaultlib 'msvcrt.lib' conflicts with use of other libs; use /NODEFAULTLIB:library
     1>SOIL.lib(image_DXT.obj) : warning LNK4099: PDB 'vc100.pdb' was not found with 'SOIL.lib(image_DXT.obj)' or at 'C:\Users\31391309\Desktop\GitHub\ICT311Project\Project\Assignment\Debug\vc100.pdb'; linking object as if no debug info
     1>SOIL.lib(image_helper.obj) : warning LNK4099: PDB 'vc100.pdb' was not found with 'SOIL.lib(image_helper.obj)' or at 'C:\Users\31391309\Desktop\GitHub\ICT311Project\Project\Assignment\Debug\vc100.pdb'; linking object as if no debug info
     1>SOIL.lib(SOIL.obj) : warning LNK4099: PDB 'vc100.pdb' was not found with 'SOIL.lib(SOIL.obj)' or at 'C:\Users\31391309\Desktop\GitHub\ICT311Project\Project\Assignment\Debug\vc100.pdb'; linking object as if no debug info
     1>SOIL.lib(stb_image_aug.obj) : warning LNK4099: PDB 'vc100.pdb' was not found with 'SOIL.lib(stb_image_aug.obj)' or at 'C:\Users\31391309\Desktop\GitHub\ICT311Project\Project\Assignment\Debug\vc100.pdb'; linking object as if no debug info
       Manifest:
         C:\Program Files (x86)\Microsoft SDKs\Windows\v7.0A\bin\mt.exe /nologo /verbose /out:"Debug\Assignment.exe.embed.manifest" /manifest Debug\Assignment.exe.intermediate.manifest
         All outputs are up-to-date.
       LinkEmbedManifest:
         All outputs are up-to-date.
         Assignment.vcxproj -> C:\Users\31391309\Desktop\GitHub\ICT311Project\Project\Assignment\Debug\Assignment.exe
       FinalizeBuildStatus:
         Deleting file "Debug\Assignment.unsuccessfulbuild".
         Touching "Debug\Assignment.lastbuildstate".
     1>Done Building Project "C:\Users\31391309\Desktop\GitHub\ICT311Project\Project\Assignment\Assignment\Assignment.vcxproj" (build target(s)).

Build succeeded.

Time Elapsed 00:00:02.05
